<?xml version="1.0" encoding="UTF-8"?>
<!-- Generated by org.testng.reporters.JUnitReportReporter -->
<testsuite hostname="DESKTOP-ODI68ID" failures="0" tests="1" name="mytest.Basic_scripts" time="5.136" errors="0" timestamp="2024-03-12T13:47:52 IST" skipped="0">
  <testcase classname="mytest.Basic_scripts" name="basicTestscriptUsingWebdriverManager" time="5.136"/>
  <system-out/>
</testsuite> <!-- mytest.Basic_scripts -->
