<?xml version="1.0" encoding="UTF-8"?>
<!-- Generated by org.testng.reporters.JUnitReportReporter -->
<testsuite hostname="DESKTOP-ODI68ID" failures="0" tests="1" name="extentreports.Extent1" time="0.454" errors="0" timestamp="2024-03-06T16:15:15 IST" skipped="0">
  <testcase classname="extentreports.Extent1" name="report" time="0.454"/>
  <system-out/>
</testsuite> <!-- extentreports.Extent1 -->
