<?xml version="1.0" encoding="UTF-8"?>
<!-- Generated by org.testng.reporters.JUnitReportReporter -->
<testsuite hostname="DESKTOP-ODI68ID" failures="0" tests="2" name="testNG.WithoutInvocationcount" time="0.009" errors="0" timestamp="2024-02-27T14:17:48 IST" skipped="1">
  <testcase classname="testNG.WithoutInvocationcount" name="test2" time="0.009"/>
  <system-out>
    <![CDATA[India]]>
  </system-out>
  <testcase classname="testNG.WithoutInvocationcount" name="test3">
    <skipped/>
  </testcase> <!-- test3 -->
  <system-out/>
</testsuite> <!-- testNG.WithoutInvocationcount -->
