<?xml version="1.0" encoding="UTF-8"?>
<!-- Generated by org.testng.reporters.JUnitReportReporter -->
<testsuite hostname="DESKTOP-ODI68ID" failures="0" tests="1" name="assertionInTestNg.LoginRunner" time="4.203" errors="0" timestamp="2024-02-27T14:49:43 IST" skipped="0">
  <testcase classname="assertionInTestNg.LoginRunner" name="login" time="4.203"/>
  <system-out/>
</testsuite> <!-- assertionInTestNg.LoginRunner -->
