<?xml version="1.0" encoding="UTF-8"?>
<!-- Generated by org.testng.reporters.JUnitReportReporter -->
<testsuite hostname="DESKTOP-ODI68ID" failures="0" tests="1" name="Runnerscript.RunnerScript" time="18.113" errors="0" timestamp="2024-03-01T16:31:27 IST" skipped="0">
  <testcase classname="Runnerscript.RunnerScript" name="login" time="18.113"/>
  <system-out/>
</testsuite> <!-- Runnerscript.RunnerScript -->
