<?xml version="1.0" encoding="UTF-8"?>
<!-- Generated by org.testng.reporters.JUnitReportReporter -->
<testsuite hostname="DESKTOP-ODI68ID" failures="0" tests="1" name="testNG.InstagramReport" time="4.666" errors="0" timestamp="2024-02-27T18:44:04 IST" skipped="0">
  <testcase classname="testNG.InstagramReport" name="Login" time="4.666"/>
  <system-out>
    <![CDATA[Browser Launched
Browser maximized
url entered
username entered]]>
  </system-out>
</testsuite> <!-- testNG.InstagramReport -->
