<?xml version="1.0" encoding="UTF-8"?>
<!-- Generated by org.testng.reporters.JUnitReportReporter -->
<testsuite hostname="DESKTOP-ODI68ID" failures="0" tests="1" name="GenericScriptTestng.RunnerScript" time="11.073" errors="0" timestamp="2024-02-28T14:06:42 IST" skipped="0">
  <testcase classname="GenericScriptTestng.RunnerScript" name="login" time="11.073"/>
  <system-out/>
</testsuite> <!-- GenericScriptTestng.RunnerScript -->
