<?xml version="1.0" encoding="UTF-8"?>
<!-- Generated by org.testng.reporters.JUnitReportReporter -->
<testsuite hostname="DESKTOP-ODI68ID" failures="0" tests="1" name="extentreports.LogReport" time="0.037" errors="0" timestamp="2024-03-06T16:19:17 IST" skipped="0">
  <testcase classname="extentreports.LogReport" name="console" time="0.037"/>
  <system-out/>
</testsuite> <!-- extentreports.LogReport -->
