<?xml version="1.0" encoding="UTF-8"?>
<!-- Generated by org.testng.reporters.JUnitReportReporter -->
<testsuite hostname="DESKTOP-ODI68ID" failures="0" tests="1" name="testNG.Ggroups$Group1" time="0.008" errors="0" timestamp="2024-03-06T10:59:58 IST" skipped="0">
  <testcase classname="testNG.Ggroups$Group1" name="Test1" time="0.008"/>
  <system-out/>
</testsuite> <!-- testNG.Ggroups$Group1 -->
