<?xml version="1.0" encoding="UTF-8"?>
<!-- Generated by org.testng.reporters.JUnitReportReporter -->
<testsuite hostname="DESKTOP-ODI68ID" failures="0" tests="2" name="testNG.ParameterInTestng" time="0.008" errors="0" timestamp="2024-02-27T18:36:12 IST" skipped="0">
  <testcase classname="testNG.ParameterInTestng" name="test1" time="0.007"/>
  <system-out>
    <![CDATA[Asia]]>
  </system-out>
  <testcase classname="testNG.ParameterInTestng" name="test2" time="0.001"/>
  <system-out>
    <![CDATA[India]]>
  </system-out>
</testsuite> <!-- testNG.ParameterInTestng -->
