<?xml version="1.0" encoding="UTF-8"?>
<!-- Generated by org.testng.reporters.JUnitReportReporter -->
<testsuite hostname="DESKTOP-ODI68ID" failures="0" tests="1" name="extentreports.PrintMessage" time="0.066" errors="0" timestamp="2024-03-06T16:25:08 IST" skipped="0">
  <testcase classname="extentreports.PrintMessage" name="report" time="0.066"/>
  <system-out/>
</testsuite> <!-- extentreports.PrintMessage -->
