<?xml version="1.0" encoding="UTF-8"?>
<!-- Generated by org.testng.reporters.JUnitReportReporter -->
<testsuite hostname="DESKTOP-ODI68ID" failures="0" tests="4" name="testNG.Demo" time="0.011" errors="0" timestamp="2024-02-27T18:43:02 IST" skipped="0">
  <testcase classname="testNG.Demo" name="test2" time="0.007"/>
  <system-out>
    <![CDATA[India]]>
  </system-out>
  <testcase classname="testNG.Demo" name="test1" time="0.001"/>
  <system-out>
    <![CDATA[Asia]]>
  </system-out>
  <testcase classname="testNG.Demo" name="test1" time="0.001"/>
  <system-out>
    <![CDATA[Asia]]>
  </system-out>
  <testcase classname="testNG.Demo" name="test1" time="0.002"/>
  <system-out>
    <![CDATA[Asia]]>
  </system-out>
</testsuite> <!-- testNG.Demo -->
