<?xml version="1.0" encoding="UTF-8"?>
<!-- Generated by org.testng.reporters.JUnitReportReporter -->
<testsuite hostname="DESKTOP-ODI68ID" failures="0" tests="1" name="propertyfiles.Generic_property" time="0.007" errors="0" timestamp="2024-03-07T11:10:16 IST" skipped="0">
  <testcase classname="propertyfiles.Generic_property" name="Fetch_property" time="0.007"/>
  <system-out/>
</testsuite> <!-- propertyfiles.Generic_property -->
