<?xml version="1.0" encoding="UTF-8"?>
<!-- Generated by org.testng.reporters.JUnitReportReporter -->
<testsuite hostname="DESKTOP-ODI68ID" failures="0" tests="2" name="testNG.Demo1" time="0.009" errors="0" timestamp="2024-02-27T18:43:18 IST" skipped="0">
  <testcase classname="testNG.Demo1" name="test2" time="0.008"/>
  <system-out>
    <![CDATA[India]]>
  </system-out>
  <testcase classname="testNG.Demo1" name="test1" time="0.001"/>
  <system-out>
    <![CDATA[Asia]]>
  </system-out>
</testsuite> <!-- testNG.Demo1 -->
