<?xml version="1.0" encoding="UTF-8"?>
<!-- Generated by org.testng.reporters.JUnitReportReporter -->
<testsuite hostname="DESKTOP-ODI68ID" failures="0" tests="2" name="parallelExecution.paralele1" time="8.870" errors="0" timestamp="2024-02-29T19:33:32 IST" skipped="0">
  <testcase classname="parallelExecution.paralele1" name="data" time="5.180"/>
  <system-out/>
  <testcase classname="parallelExecution.paralele1" name="data" time="3.690"/>
  <system-out/>
</testsuite> <!-- parallelExecution.paralele1 -->
