<?xml version="1.0" encoding="UTF-8"?>
<!-- Generated by org.testng.reporters.JUnitReportReporter -->
<testsuite hostname="DESKTOP-ODI68ID" failures="0" tests="1" name="testNG.sort_DD" time="2.706" errors="0" timestamp="2024-02-24T16:21:50 IST" skipped="0">
  <testcase classname="testNG.sort_DD" name="sort" time="2.706"/>
  <system-out/>
</testsuite> <!-- testNG.sort_DD -->
