<?xml version="1.0" encoding="UTF-8"?>
<!-- Generated by org.testng.reporters.JUnitReportReporter -->
<testsuite hostname="DESKTOP-ODI68ID" failures="0" tests="1" name="testNG.Instagram_login" time="3.453" errors="0" timestamp="2024-02-27T18:44:21 IST" skipped="0">
  <testcase classname="testNG.Instagram_login" name="Login" time="3.453"/>
  <system-out/>
</testsuite> <!-- testNG.Instagram_login -->
