<?xml version="1.0" encoding="UTF-8"?>
<!-- Generated by org.testng.reporters.JUnitReportReporter -->
<testsuite hostname="DESKTOP-ODI68ID" failures="0" tests="4" name="testNG.InvocationCount" time="0.013" errors="0" timestamp="2024-02-27T14:12:26 IST" skipped="0">
  <testcase classname="testNG.InvocationCount" name="test2" time="0.008"/>
  <system-out>
    <![CDATA[India]]>
  </system-out>
  <testcase classname="testNG.InvocationCount" name="test1" time="0.002"/>
  <system-out>
    <![CDATA[Asia]]>
  </system-out>
  <testcase classname="testNG.InvocationCount" name="test1" time="0.001"/>
  <system-out>
    <![CDATA[Asia]]>
  </system-out>
  <testcase classname="testNG.InvocationCount" name="test1" time="0.002"/>
  <system-out>
    <![CDATA[Asia]]>
  </system-out>
</testsuite> <!-- testNG.InvocationCount -->
