<?xml version="1.0" encoding="UTF-8"?>
<!-- Generated by org.testng.reporters.JUnitReportReporter -->
<testsuite hostname="DESKTOP-ODI68ID" failures="0" tests="2" name="testNG.Demoo" time="0.010" errors="0" timestamp="2024-02-28T09:02:11 IST" skipped="1">
  <testcase classname="testNG.Demoo" name="test2" time="0.010"/>
  <system-out>
    <![CDATA[India]]>
  </system-out>
  <testcase classname="testNG.Demoo" name="test">
    <skipped/>
  </testcase> <!-- test -->
  <system-out/>
</testsuite> <!-- testNG.Demoo -->
