<?xml version="1.0" encoding="UTF-8"?>
<!-- Generated by org.testng.reporters.JUnitReportReporter -->
<testsuite hostname="DESKTOP-ODI68ID" failures="0" tests="1" name="pomconcept.RunnerScript" time="5.860" errors="0" timestamp="2024-02-28T10:36:43 IST" skipped="0">
  <testcase classname="pomconcept.RunnerScript" name="login" time="5.860"/>
  <system-out/>
</testsuite> <!-- pomconcept.RunnerScript -->
